<?xml version="1.0" encoding="UTF-8"?>
<testsuites name="Test Suite" tests="3" failures="1" errors="0" time="1.5">
  <testsuite name="com.example.TestClass" tests="3" failures="1" errors="0" time="1.5">
    <testcase name="testOne" classname="com.example.TestClass" time="0.5"/>
    <testcase name="testTwo" classname="com.example.TestClass" time="0.5">
      <failure message="AssertionError" type="AssertionError">Expected true but was false</failure>
    </testcase>
    <testcase name="testThree" classname="com.example.TestClass" time="0.5"/>
  </testsuite>
</testsuites>
