<?xml version="1.0" encoding="UTF-8"?>
<TestRun id="run1" name="Test Run" xmlns="http://microsoft.com/schemas/VisualStudio/TeamTest/2010">
  <Times creation="2023-01-01T00:00:00.0000000+00:00" queuing="2023-01-01T00:00:00.0000000+00:00" start="2023-01-01T00:00:00.0000000+00:00" finish="2023-01-01T00:00:01.0000000+00:00"/>
  <TestDefinitions>
    <UnitTest name="TestOne" id="test1">
      <TestMethod className="TRXTests.TestClass" name="TestOne"/>
    </UnitTest>
    <UnitTest name="TestTwo" id="test2">
      <TestMethod className="TRXTests.TestClass" name="TestTwo"/>
    </UnitTest>
    <UnitTest name="TestThree" id="test3">
      <TestMethod className="TRXTests.TestClass" name="TestThree"/>
    </UnitTest>
  </TestDefinitions>
  <Results>
    <UnitTestResult testId="test1" testName="TestOne" outcome="Passed" duration="00:00:00.3330000" startTime="2023-01-01T00:00:00.0000000+00:00" endTime="2023-01-01T00:00:00.3330000+00:00"/>
    <UnitTestResult testId="test2" testName="TestTwo" outcome="Passed" duration="00:00:00.3330000" startTime="2023-01-01T00:00:00.3330000+00:00" endTime="2023-01-01T00:00:00.6660000+00:00"/>
    <UnitTestResult testId="test3" testName="TestThree" outcome="Passed" duration="00:00:00.3340000" startTime="2023-01-01T00:00:00.6660000+00:00" endTime="2023-01-01T00:00:01.0000000+00:00"/>
  </Results>
  <ResultSummary outcome="Completed">
    <Counters total="3" executed="3" passed="3" failed="0" error="0" timeout="0" aborted="0" inconclusive="0" passedButRunAborted="0" notRunnable="0" notExecuted="0" disconnected="0" warning="0" completed="0" inProgress="0" pending="0"/>
  </ResultSummary>
</TestRun>
